0 info it worked if it ends with ok
1 verbose cli [ '/Users/Aaron/.nvm/versions/node/v7.6.0/bin/node',
1 verbose cli   '/Users/Aaron/.nvm/versions/node/v7.6.0/bin/npm',
1 verbose cli   'run',
1 verbose cli   'build' ]
2 info using npm@4.1.2
3 info using node@v7.6.0
4 verbose run-script [ 'prebuild', 'build', 'postbuild' ]
5 info lifecycle ethbid@0.0.0~prebuild: ethbid@0.0.0
6 silly lifecycle ethbid@0.0.0~prebuild: no script for prebuild, continuing
7 info lifecycle ethbid@0.0.0~build: ethbid@0.0.0
8 verbose lifecycle ethbid@0.0.0~build: unsafe-perm in lifecycle true
9 verbose lifecycle ethbid@0.0.0~build: PATH: /Users/Aaron/.nvm/versions/node/v7.6.0/lib/node_modules/npm/bin/node-gyp-bin:/Users/Aaron/Projects/etherbid_ui/node_modules/.bin:/Users/Aaron/.rvm/gems/ruby-2.3.0/bin:/Users/Aaron/.rvm/gems/ruby-2.3.0@global/bin:/Users/Aaron/.rvm/rubies/ruby-2.3.0/bin:/usr/local/opt/mongodb@3.4/bin:/Users/Aaron/.nvm/versions/node/v7.6.0/bin:/usr/local/bin:/usr/bin:/bin:/usr/sbin:/sbin:/opt/ImageMagick/bin:/Users/Aaron/.rvm/bin
10 verbose lifecycle ethbid@0.0.0~build: CWD: /Users/Aaron/Projects/etherbid_ui
11 silly lifecycle ethbid@0.0.0~build: Args: [ '-c', 'NODE_ENV=production webpack --optimize-minimize' ]
12 silly lifecycle ethbid@0.0.0~build: Returned: code: 2  signal: null
13 info lifecycle ethbid@0.0.0~build: Failed to exec build script
14 verbose stack Error: ethbid@0.0.0 build: `NODE_ENV=production webpack --optimize-minimize`
14 verbose stack Exit status 2
14 verbose stack     at EventEmitter.<anonymous> (/Users/Aaron/.nvm/versions/node/v7.6.0/lib/node_modules/npm/lib/utils/lifecycle.js:279:16)
14 verbose stack     at emitTwo (events.js:106:13)
14 verbose stack     at EventEmitter.emit (events.js:192:7)
14 verbose stack     at ChildProcess.<anonymous> (/Users/Aaron/.nvm/versions/node/v7.6.0/lib/node_modules/npm/lib/utils/spawn.js:40:14)
14 verbose stack     at emitTwo (events.js:106:13)
14 verbose stack     at ChildProcess.emit (events.js:192:7)
14 verbose stack     at maybeClose (internal/child_process.js:890:16)
14 verbose stack     at Process.ChildProcess._handle.onexit (internal/child_process.js:226:5)
15 verbose pkgid ethbid@0.0.0
16 verbose cwd /Users/Aaron/Projects/etherbid_ui
17 error Darwin 15.6.0
18 error argv "/Users/Aaron/.nvm/versions/node/v7.6.0/bin/node" "/Users/Aaron/.nvm/versions/node/v7.6.0/bin/npm" "run" "build"
19 error node v7.6.0
20 error npm  v4.1.2
21 error code ELIFECYCLE
22 error ethbid@0.0.0 build: `NODE_ENV=production webpack --optimize-minimize`
22 error Exit status 2
23 error Failed at the ethbid@0.0.0 build script 'NODE_ENV=production webpack --optimize-minimize'.
23 error Make sure you have the latest version of node.js and npm installed.
23 error If you do, this is most likely a problem with the ethbid package,
23 error not with npm itself.
23 error Tell the author that this fails on your system:
23 error     NODE_ENV=production webpack --optimize-minimize
23 error You can get information on how to open an issue for this project with:
23 error     npm bugs ethbid
23 error Or if that isn't available, you can get their info via:
23 error     npm owner ls ethbid
23 error There is likely additional logging output above.
24 verbose exit [ 1, true ]
